C51 COMPILER V9.60.7.0   MAIN                                                              04/27/2026 12:01:30 PAGE 1   


C51 COMPILER V9.60.7.0, COMPILATION OF MODULE MAIN
OBJECT MODULE PLACED IN .\Objects\main.obj
COMPILER INVOKED BY: E:\Keil_v5_C51\C51\BIN\C51.EXE main.c OPTIMIZE(8,SPEED) BROWSE DEBUG OBJECTEXTEND PRINT(.\Listings\
                    -main.lst) TABS(2) OBJECT(.\Objects\main.obj)

line level    source

   1          #include <regx52.h>
   2          #include "delay.h"
   3          #include "LCD1602.h"
   4          #include "MatrixKey.h"
   5          
   6          void main()
   7          {
   8   1          unsigned char KeyNum1 = 0;
   9   1          unsigned char KeyNum2 = 0;   
  10   1          unsigned char KeyNum3 = 0;   
  11   1          unsigned char KeyNum4 = 0;       
  12   1          LCD_Init();
  13   1          LCD_ShowString(1, 1, "PassWord:");
  14   1          
  15   1          while (1)
  16   1          {
  17   2              KeyNum1 = MatrixKey();        
  18   2              KeyNum2 = MatrixKey();
  19   2              KeyNum3 = MatrixKey();
  20   2              KeyNum4 = MatrixKey();
  21   2              
  22   2              if ((KeyNum1) || (KeyNum2) || (KeyNum3) || (KeyNum4))
  23   2              {
  24   3                  LCD_ShowNum(2, 1, KeyNum1, 1);
  25   3                  LCD_ShowNum(2, 2, KeyNum2, 1);
  26   3                  LCD_ShowNum(2, 3, KeyNum3, 1);
  27   3                  LCD_ShowNum(2, 4, KeyNum4, 1);
  28   3              }
  29   2              
  30   2              
  31   2          }
  32   1      }
  33            


MODULE INFORMATION:   STATIC OVERLAYABLE
   CODE SIZE        =    123    ----
   CONSTANT SIZE    =     10    ----
   XDATA SIZE       =   ----    ----
   PDATA SIZE       =   ----    ----
   DATA SIZE        =   ----       4
   IDATA SIZE       =   ----    ----
   BIT SIZE         =   ----    ----
END OF MODULE INFORMATION.


C51 COMPILATION COMPLETE.  0 WARNING(S),  0 ERROR(S)
