C51 COMPILER V9.60.7.0   MATRIXKEY                                                         04/27/2026 11:57:08 PAGE 1   


C51 COMPILER V9.60.7.0, COMPILATION OF MODULE MATRIXKEY
OBJECT MODULE PLACED IN .\Objects\MatrixKey.obj
COMPILER INVOKED BY: E:\Keil_v5_C51\C51\BIN\C51.EXE MatrixKey.c OPTIMIZE(8,SPEED) BROWSE DEBUG OBJECTEXTEND PRINT(.\List
                    -ings\MatrixKey.lst) TABS(2) OBJECT(.\Objects\MatrixKey.obj)

line level    source

   1          #include <regx52.h>
   2          #include "delay.h"
   3          #include "LCD1602.h"
   4          
   5          
   6          unsigned char MatrixKey()
   7          {
   8   1          unsigned char KeyNumber = 0;
   9   1          P1 = 0xff;
  10   1          P1_3 = 0;
  11   1          if (P1_7 == 0) { Delay(20); while (P1_7 == 0); Delay(20);KeyNumber = 1;}
  12   1          if (P1_6 == 0) { Delay(20); while (P1_6 == 0); Delay(20);KeyNumber = 5;}
  13   1          if (P1_5 == 0) { Delay(20); while (P1_5 == 0); Delay(20);KeyNumber = 9; }
  14   1          // if (P1_4 == 0) { Delay(20); while (P1_4 == 0); Delay(20);KeyNumber = 13; }
  15   1          P1 = 0xff;
  16   1          P1_2 = 0;
  17   1          if (P1_7 == 0) { Delay(20); while (P1_7 == 0); Delay(20);KeyNumber = 2; }
  18   1          if (P1_6 == 0) { Delay(20); while (P1_6 == 0); Delay(20);KeyNumber = 6; }
  19   1          if (P1_5 == 0) { Delay(20); while (P1_5 == 0); Delay(20);KeyNumber = 0; }
  20   1          // if (P1_4 == 0) { Delay(20); while (P1_4 == 0); Delay(20);KeyNumber = 14; }
  21   1          P1 = 0xff;
  22   1          P1_1 = 0;
  23   1          if (P1_7 == 0) { Delay(20); while (P1_7 == 0); Delay(20);KeyNumber = 3; }
  24   1          if (P1_6 == 0) { Delay(20); while (P1_6 == 0); Delay(20);KeyNumber = 7; }
  25   1          if (P1_5 == 0) { Delay(20); while (P1_5 == 0); Delay(20);KeyNumber = 11; }
  26   1          // if (P1_4 == 0) { Delay(20); while (P1_4 == 0); Delay(20);KeyNumber = 15; }
  27   1          P1 = 0xff;
  28   1          P1_0 = 0;
  29   1          if (P1_7 == 0) { Delay(20); while (P1_7 == 0); Delay(20);KeyNumber = 4; }
  30   1          if (P1_6 == 0) { Delay(20); while (P1_6 == 0); Delay(20);KeyNumber = 8; }
  31   1          if (P1_5 == 0) { Delay(20); while (P1_5 == 0); Delay(20);KeyNumber = 12; }
  32   1          // if (P1_4 == 0) { Delay(20); while (P1_4 == 0); Delay(20);KeyNumber = 16; }
  33   1      
  34   1          return KeyNumber;
  35   1      }


MODULE INFORMATION:   STATIC OVERLAYABLE
   CODE SIZE        =    301    ----
   CONSTANT SIZE    =   ----    ----
   XDATA SIZE       =   ----    ----
   PDATA SIZE       =   ----    ----
   DATA SIZE        =   ----       1
   IDATA SIZE       =   ----    ----
   BIT SIZE         =   ----    ----
END OF MODULE INFORMATION.


C51 COMPILATION COMPLETE.  0 WARNING(S),  0 ERROR(S)
