C51 COMPILER V9.60.7.0   MAIN                                                              04/27/2026 11:26:48 PAGE 1   


C51 COMPILER V9.60.7.0, COMPILATION OF MODULE MAIN
OBJECT MODULE PLACED IN .\Objects\main.obj
COMPILER INVOKED BY: E:\Keil_v5_C51\C51\BIN\C51.EXE main.c OPTIMIZE(8,SPEED) BROWSE DEBUG OBJECTEXTEND PRINT(.\Listings\
                    -main.lst) TABS(2) OBJECT(.\Objects\main.obj)

line level    source

   1          #include <regx52.h>
   2          #include "delay.h"
   3          #include "LCD1602.h"
   4          #include "MatrixKey.h"
   5          
   6          void main()
   7          {
   8   1          unsigned char KeyNum = 0;
   9   1          LCD_Init();
  10   1          LCD_ShowString(1, 1, "PassWord:");
  11   1          
  12   1          while (1)
  13   1          {
  14   2              KeyNum = MatrixKey();
  15   2              if (KeyNum)
  16   2              {
  17   3                  LCD_ShowNum(2, 1, KeyNum, 2);
  18   3              }
  19   2              
  20   2              
  21   2          }
  22   1      }
  23            


MODULE INFORMATION:   STATIC OVERLAYABLE
   CODE SIZE        =     43    ----
   CONSTANT SIZE    =     10    ----
   XDATA SIZE       =   ----    ----
   PDATA SIZE       =   ----    ----
   DATA SIZE        =   ----       1
   IDATA SIZE       =   ----    ----
   BIT SIZE         =   ----    ----
END OF MODULE INFORMATION.


C51 COMPILATION COMPLETE.  0 WARNING(S),  0 ERROR(S)
