C51 COMPILER V9.60.7.0   MIAN                                                              04/25/2026 13:30:20 PAGE 1   


C51 COMPILER V9.60.7.0, COMPILATION OF MODULE MIAN
OBJECT MODULE PLACED IN .\Objects\mian.obj
COMPILER INVOKED BY: E:\Keil_v5_C51\C51\BIN\C51.EXE mian.c OPTIMIZE(8,SPEED) BROWSE DEBUG OBJECTEXTEND PRINT(.\Listings\
                    -mian.lst) TABS(2) OBJECT(.\Objects\mian.obj)

line level    source

   1          #include <regx52.h>
   2          #include "LCD1602.h"
   3          
   4          void main()
   5          {
   6   1          LCD_Init();
   7   1          LCD_ShowChar(1, 1, 'A');
   8   1          LCD_ShowString(1, 3, "LV LOVE YU");
   9   1          LCD_ShowNum(1, 14, 123, 3);
  10   1          
  11   1          while (1)
  12   1          {
  13   2              
  14   2          }
  15   1      }


MODULE INFORMATION:   STATIC OVERLAYABLE
   CODE SIZE        =     41    ----
   CONSTANT SIZE    =     11    ----
   XDATA SIZE       =   ----    ----
   PDATA SIZE       =   ----    ----
   DATA SIZE        =   ----    ----
   IDATA SIZE       =   ----    ----
   BIT SIZE         =   ----    ----
END OF MODULE INFORMATION.


C51 COMPILATION COMPLETE.  0 WARNING(S),  0 ERROR(S)
